-- The C compiler identification is GNU 11.4.0
-- The CXX compiler identification is GNU 11.4.0
-- Detecting C compiler ABI info
-- Detecting C compiler ABI info - done
-- Check for working C compiler: /usr/bin/cc - skipped
-- Detecting C compile features
-- Detecting C compile features - done
-- Detecting CXX compiler ABI info
-- Detecting CXX compiler ABI info - done
-- Check for working CXX compiler: /usr/bin/c++ - skipped
-- Detecting CXX compile features
-- Detecting CXX compile features - done
-- Configuring done
-- Generating done
-- Build files have been written to: /home/stick/dm_joint_control/build/dm_Linux_Drive
[ 12%] [32mBuilding CXX object CMakeFiles/test_damiao.dir/src/test_damiao.cpp.o[0m
[ 25%] [32mBuilding CXX object CMakeFiles/dm_motor_position.dir/src/dm_motor_run.cpp.o[0m
[ 37%] [32mBuilding CXX object CMakeFiles/dm_set_zero_position.dir/src/dm_set_zero_position.cpp.o[0m
[ 50%] [32mBuilding CXX object CMakeFiles/dm_motor_rerun.dir/src/dm_motor_rerun.cpp.o[0m
[01m[K/home/stick/dm_joint_control/src/u2can/src/dm_motor_rerun.cpp:[m[K In function â€˜[01m[Kint main(int, char**)[m[Kâ€™:
[01m[K/home/stick/dm_joint_control/src/u2can/src/dm_motor_rerun.cpp:39:37:[m[K [01;31m[Kerror: [m[Kâ€˜[01m[Kposition[m[Kâ€™ was not declared in this scope
   39 |         dm.control_mit(M1, 20, 0.5, [01;31m[Kposition[m[K, 0.0001, 0.1);
      |                                     [01;31m[K^~~~~~~~[m[K
gmake[2]: *** [CMakeFiles/dm_motor_rerun.dir/build.make:76: CMakeFiles/dm_motor_rerun.dir/src/dm_motor_rerun.cpp.o] Error 1
gmake[1]: *** [CMakeFiles/Makefile2:115: CMakeFiles/dm_motor_rerun.dir/all] Error 2
gmake[1]: *** Waiting for unfinished jobs....
[ 62%] [32m[1mLinking CXX executable dm_set_zero_position[0m
[ 75%] [32m[1mLinking CXX executable test_damiao[0m
[ 87%] [32m[1mLinking CXX executable dm_motor_position[0m
[ 87%] Built target dm_set_zero_position
[ 87%] Built target test_damiao
[ 87%] Built target dm_motor_position
gmake: *** [Makefile:91: all] Error 2
