[0.005s] Invoking command in '/home/stick/dm_joint_control/build/dm_Linux_Drive': CONDA_PROMPT_MODIFIER=(base) /usr/bin/cmake /home/stick/dm_joint_control/src/u2can -DCMAKE_INSTALL_PREFIX=/home/stick/dm_joint_control/install/dm_Linux_Drive
[0.041s] -- The C compiler identification is GNU 11.4.0
[0.071s] -- The CXX compiler identification is GNU 11.4.0
[0.076s] -- Detecting C compiler ABI info
[0.113s] -- Detecting C compiler ABI info - done
[0.116s] -- Check for working C compiler: /usr/bin/cc - skipped
[0.116s] -- Detecting C compile features
[0.116s] -- Detecting C compile features - done
[0.118s] -- Detecting CXX compiler ABI info
[0.159s] -- Detecting CXX compiler ABI info - done
[0.163s] -- Check for working CXX compiler: /usr/bin/c++ - skipped
[0.163s] -- Detecting CXX compile features
[0.164s] -- Detecting CXX compile features - done
[0.164s] -- Configuring done
[0.166s] -- Generating done
[0.166s] -- Build files have been written to: /home/stick/dm_joint_control/build/dm_Linux_Drive
[0.168s] Invoked command in '/home/stick/dm_joint_control/build/dm_Linux_Drive' returned '0': CONDA_PROMPT_MODIFIER=(base) /usr/bin/cmake /home/stick/dm_joint_control/src/u2can -DCMAKE_INSTALL_PREFIX=/home/stick/dm_joint_control/install/dm_Linux_Drive
[0.170s] Invoking command in '/home/stick/dm_joint_control/build/dm_Linux_Drive': CONDA_PROMPT_MODIFIER=(base) /usr/bin/cmake --build /home/stick/dm_joint_control/build/dm_Linux_Drive -- -j20 -l20
[0.197s] [ 12%] [32mBuilding CXX object CMakeFiles/test_damiao.dir/src/test_damiao.cpp.o[0m
[0.197s] [ 25%] [32mBuilding CXX object CMakeFiles/dm_motor_position.dir/src/dm_motor_run.cpp.o[0m
[0.198s] [ 37%] [32mBuilding CXX object CMakeFiles/dm_set_zero_position.dir/src/dm_set_zero_position.cpp.o[0m
[0.199s] [ 50%] [32mBuilding CXX object CMakeFiles/dm_motor_rerun.dir/src/dm_motor_rerun.cpp.o[0m
[0.379s] [01m[K/home/stick/dm_joint_control/src/u2can/src/dm_motor_rerun.cpp:[m[K In function â€˜[01m[Kint main(int, char**)[m[Kâ€™:
[0.379s] [01m[K/home/stick/dm_joint_control/src/u2can/src/dm_motor_rerun.cpp:39:37:[m[K [01;31m[Kerror: [m[Kâ€˜[01m[Kposition[m[Kâ€™ was not declared in this scope
[0.379s]    39 |         dm.control_mit(M1, 20, 0.5, [01;31m[Kposition[m[K, 0.0001, 0.1);
[0.379s]       |                                     [01;31m[K^~~~~~~~[m[K
[0.432s] gmake[2]: *** [CMakeFiles/dm_motor_rerun.dir/build.make:76: CMakeFiles/dm_motor_rerun.dir/src/dm_motor_rerun.cpp.o] Error 1
[0.432s] gmake[1]: *** [CMakeFiles/Makefile2:115: CMakeFiles/dm_motor_rerun.dir/all] Error 2
[0.432s] gmake[1]: *** Waiting for unfinished jobs....
[0.542s] [ 62%] [32m[1mLinking CXX executable dm_set_zero_position[0m
[0.542s] [ 75%] [32m[1mLinking CXX executable test_damiao[0m
[0.547s] [ 87%] [32m[1mLinking CXX executable dm_motor_position[0m
[0.598s] [ 87%] Built target dm_set_zero_position
[0.599s] [ 87%] Built target test_damiao
[0.603s] [ 87%] Built target dm_motor_position
[0.604s] gmake: *** [Makefile:91: all] Error 2
[0.606s] Invoked command in '/home/stick/dm_joint_control/build/dm_Linux_Drive' returned '2': CONDA_PROMPT_MODIFIER=(base) /usr/bin/cmake --build /home/stick/dm_joint_control/build/dm_Linux_Drive -- -j20 -l20
