[35m[1mConsolidate compiler generated dependencies of target dm_motor_rerun[0m
[ 25%] Built target dm_set_zero_position
[ 37%] [32mBuilding CXX object CMakeFiles/dm_motor_rerun.dir/src/dm_motor_rerun.cpp.o[0m
[ 62%] Built target dm_motor_position
[ 87%] Built target test_damiao
[01m[K/home/stick/dm_joint_control/src/u2can/src/dm_motor_rerun.cpp:[m[K In function â€˜[01m[Kint main(int, char**)[m[Kâ€™:
[01m[K/home/stick/dm_joint_control/src/u2can/src/dm_motor_rerun.cpp:40:13:[m[K [01;31m[Kerror: [m[Kâ€˜[01m[Kcondition[m[Kâ€™ was not declared in this scope; did you mean â€˜[01m[Kposition[m[Kâ€™?
   40 |         if ([01;31m[Kcondition[m[K)
      |             [01;31m[K^~~~~~~~~[m[K
      |             [32m[Kposition[m[K
gmake[2]: *** [CMakeFiles/dm_motor_rerun.dir/build.make:76: CMakeFiles/dm_motor_rerun.dir/src/dm_motor_rerun.cpp.o] Error 1
gmake[1]: *** [CMakeFiles/Makefile2:115: CMakeFiles/dm_motor_rerun.dir/all] Error 2
gmake: *** [Makefile:91: all] Error 2
