[0.005s] Invoking command in '/home/stick/dm_joint_control/build/dm_Linux_Drive': CONDA_PROMPT_MODIFIER=(base) /usr/bin/cmake --build /home/stick/dm_joint_control/build/dm_Linux_Drive -- -j20 -l20
[0.027s] [35m[1mConsolidate compiler generated dependencies of target dm_motor_rerun[0m
[0.032s] [ 25%] Built target dm_set_zero_position
[0.032s] [ 37%] [32mBuilding CXX object CMakeFiles/dm_motor_rerun.dir/src/dm_motor_rerun.cpp.o[0m
[0.033s] [ 62%] Built target dm_motor_position
[0.034s] [ 87%] Built target test_damiao
[0.201s] [01m[K/home/stick/dm_joint_control/src/u2can/src/dm_motor_rerun.cpp:[m[K In function â€˜[01m[Kint main(int, char**)[m[Kâ€™:
[0.202s] [01m[K/home/stick/dm_joint_control/src/u2can/src/dm_motor_rerun.cpp:40:13:[m[K [01;31m[Kerror: [m[Kâ€˜[01m[Kcondition[m[Kâ€™ was not declared in this scope; did you mean â€˜[01m[Kposition[m[Kâ€™?
[0.202s]    40 |         if ([01;31m[Kcondition[m[K)
[0.202s]       |             [01;31m[K^~~~~~~~~[m[K
[0.202s]       |             [32m[Kposition[m[K
[0.252s] gmake[2]: *** [CMakeFiles/dm_motor_rerun.dir/build.make:76: CMakeFiles/dm_motor_rerun.dir/src/dm_motor_rerun.cpp.o] Error 1
[0.252s] gmake[1]: *** [CMakeFiles/Makefile2:115: CMakeFiles/dm_motor_rerun.dir/all] Error 2
[0.252s] gmake: *** [Makefile:91: all] Error 2
[0.254s] Invoked command in '/home/stick/dm_joint_control/build/dm_Linux_Drive' returned '2': CONDA_PROMPT_MODIFIER=(base) /usr/bin/cmake --build /home/stick/dm_joint_control/build/dm_Linux_Drive -- -j20 -l20
